  Source.c
e:\works\library management\library management\source.c(92): warning C4033: 'GetUniqueIDFromFile' must return a value
e:\works\library management\library management\source.c(101): warning C4033: 'GetUniqueIDFromFile' must return a value
e:\works\library management\library management\source.c(221): warning C4047: 'initializing': 'Book *' differs in levels of indirection from 'int'
e:\works\library management\library management\source.c(621): warning C4013: 'gets' undefined; assuming extern returning int
e:\works\library management\library management\source.c(633): warning C4047: 'function': 'const char *' differs in levels of indirection from 'char *[10]'
e:\works\library management\library management\source.c(633): warning C4024: 'DeleteBook': different types for formal and actual parameter 1
e:\works\library management\library management\source.c(665): warning C4047: 'function': 'const char *' differs in levels of indirection from 'char *[10]'
e:\works\library management\library management\source.c(665): warning C4024: 'SearchBook': different types for formal and actual parameter 1
e:\works\library management\library management\source.c(675): warning C4013: 'RETURN_BOOK' undefined; assuming extern returning int
e:\works\library management\library management\source.c(679): warning C4013: 'GetAdminHelp' undefined; assuming extern returning int
e:\works\library management\library management\source.c(632): warning C4477: 'scanf' : format string '%s' requires an argument of type 'char *', but variadic argument 1 has type 'char **'
e:\works\library management\library management\source.c(663): warning C4477: 'scanf' : format string '%s' requires an argument of type 'char *', but variadic argument 1 has type 'char **'
e:\works\library management\library management\source.c(646): warning C4101: 'bookId': unreferenced local variable
e:\works\library management\library management\source.c(647): warning C4101: 'userId': unreferenced local variable
e:\works\library management\library management\source.c(725): warning C4013: 'VIEW_BOOK' undefined; assuming extern returning int
e:\works\library management\library management\source.c(730): warning C4013: 'SEARCH_BOOK' undefined; assuming extern returning int
e:\works\library management\library management\source.c(735): warning C4013: 'LOG_OUT' undefined; assuming extern returning int
e:\works\library management\library management\source.c(743): warning C4013: 'HELP_FOR_STUDENT' undefined; assuming extern returning int
e:\works\library management\library management\source.c(747): warning C4013: 'CLEAR' undefined; assuming extern returning int
e:\works\library management\library management\source.c(751): warning C4013: 'CHANGE_USER_NAME' undefined; assuming extern returning int
e:\works\library management\library management\source.c(756): warning C4013: 'CHANGE_PASSWORD' undefined; assuming extern returning int
e:\works\library management\library management\source.c(761): warning C4013: 'MY_PROFILE' undefined; assuming extern returning int
e:\works\library management\library management\source.c(766): warning C4013: 'GetCommands' undefined; assuming extern returning int
e:\works\library management\library management\source.c(813): warning C4013: 'COMMAND' undefined; assuming extern returning int
e:\works\library management\library management\source.c(106): warning C4715: 'GetUniqueIDFromFile': not all control paths return a value
e:\works\library management\library management\source.c(270): warning C4172: returning address of local variable or temporary: id
e:\works\library management\library management\source.c(484): warning C4172: returning address of local variable or temporary: id
  Library Management.vcxproj -> E:\Works\Library Management\Debug\Library Management.exe
